-encoding
UTF-8
-outxml
-source
1.6
-target
1.6
-classpath
/home/erwol/.m2/repository/org/springframework/spring-context-support/3.2.8.RELEASE/spring-context-support-3.2.8.RELEASE.jar:/home/erwol/.m2/repository/javax/mail/mail/1.4.3/mail-1.4.3.jar:/home/erwol/.m2/repository/junit/junit/4.11/junit-4.11.jar:/home/erwol/.m2/repository/log4j/log4j/1.2.17/log4j-1.2.17.jar:/home/erwol/.m2/repository/org/slf4j/slf4j-api/1.7.5/slf4j-api-1.7.5.jar:/home/erwol/.m2/repository/org/slf4j/jcl-over-slf4j/1.7.5/jcl-over-slf4j-1.7.5.jar:/home/erwol/.m2/repository/org/slf4j/slf4j-log4j12/1.7.5/slf4j-log4j12-1.7.5.jar:/home/erwol/.m2/repository/org/aspectj/aspectjrt/1.8.1/aspectjrt-1.8.1.jar:/home/erwol/.m2/repository/org/aspectj/aspectjweaver/1.8.1/aspectjweaver-1.8.1.jar:/home/erwol/.m2/repository/javax/servlet/servlet-api/2.5/servlet-api-2.5.jar:/home/erwol/.m2/repository/net/sf/flexjson/flexjson/2.1/flexjson-2.1.jar:/home/erwol/.m2/repository/org/apache/commons/commons-lang3/3.1/commons-lang3-3.1.jar:/home/erwol/.m2/repository/org/springframework/roo/org.springframework.roo.annotations/1.3.2.RELEASE/org.springframework.roo.annotations-1.3.2.RELEASE.jar:/home/erwol/.m2/repository/org/springframework/spring-core/3.2.8.RELEASE/spring-core-3.2.8.RELEASE.jar:/home/erwol/.m2/repository/org/springframework/spring-test/3.2.8.RELEASE/spring-test-3.2.8.RELEASE.jar:/home/erwol/.m2/repository/org/springframework/spring-context/3.2.8.RELEASE/spring-context-3.2.8.RELEASE.jar:/home/erwol/.m2/repository/org/springframework/spring-aop/3.2.8.RELEASE/spring-aop-3.2.8.RELEASE.jar:/home/erwol/.m2/repository/org/springframework/spring-aspects/3.2.8.RELEASE/spring-aspects-3.2.8.RELEASE.jar:/home/erwol/.m2/repository/mysql/mysql-connector-java/5.1.18/mysql-connector-java-5.1.18.jar:/home/erwol/.m2/repository/org/hibernate/hibernate-core/4.3.6.Final/hibernate-core-4.3.6.Final.jar:/home/erwol/.m2/repository/org/hibernate/hibernate-entitymanager/4.3.6.Final/hibernate-entitymanager-4.3.6.Final.jar:/home/erwol/.m2/repository/org/hibernate/javax/persistence/hibernate-jpa-2.1-api/1.0.0.Final/hibernate-jpa-2.1-api-1.0.0.Final.jar:/home/erwol/.m2/repository/commons-collections/commons-collections/3.2.1/commons-collections-3.2.1.jar:/home/erwol/.m2/repository/org/hibernate/hibernate-validator/4.3.2.Final/hibernate-validator-4.3.2.Final.jar:/home/erwol/.m2/repository/javax/validation/validation-api/1.0.0.GA/validation-api-1.0.0.GA.jar:/home/erwol/.m2/repository/javax/transaction/jta/1.1/jta-1.1.jar:/home/erwol/.m2/repository/org/springframework/spring-jdbc/3.2.8.RELEASE/spring-jdbc-3.2.8.RELEASE.jar:/home/erwol/.m2/repository/org/springframework/spring-orm/3.2.8.RELEASE/spring-orm-3.2.8.RELEASE.jar:/home/erwol/.m2/repository/commons-pool/commons-pool/1.5.6/commons-pool-1.5.6.jar:/home/erwol/.m2/repository/commons-dbcp/commons-dbcp/1.4/commons-dbcp-1.4.jar:/home/erwol/.m2/repository/org/springframework/spring-webmvc/3.2.8.RELEASE/spring-webmvc-3.2.8.RELEASE.jar:/home/erwol/.m2/repository/org/springframework/webflow/spring-js-resources/2.2.1.RELEASE/spring-js-resources-2.2.1.RELEASE.jar:/home/erwol/.m2/repository/commons-digester/commons-digester/2.1/commons-digester-2.1.jar:/home/erwol/.m2/repository/commons-fileupload/commons-fileupload/1.2.2/commons-fileupload-1.2.2.jar:/home/erwol/.m2/repository/javax/servlet/jsp/jstl/jstl-api/1.2/jstl-api-1.2.jar:/home/erwol/.m2/repository/org/glassfish/web/jstl-impl/1.2/jstl-impl-1.2.jar:/home/erwol/.m2/repository/javax/el/el-api/2.2/el-api-2.2.jar:/home/erwol/.m2/repository/joda-time/joda-time/1.6/joda-time-1.6.jar:/home/erwol/.m2/repository/javax/servlet/jsp/jsp-api/2.1/jsp-api-2.1.jar:/home/erwol/.m2/repository/commons-codec/commons-codec/1.5/commons-codec-1.5.jar:/home/erwol/.m2/repository/org/apache/tiles/tiles-jsp/2.2.2/tiles-jsp-2.2.2.jar:/home/erwol/.m2/repository/org/gvnix/org.gvnix.addon.web.mvc.annotations/1.5.1.RC3/org.gvnix.addon.web.mvc.annotations-1.5.1.RC3.jar:/home/erwol/.m2/repository/org/springframework/security/spring-security-core/3.2.5.RELEASE/spring-security-core-3.2.5.RELEASE.jar:/home/erwol/.m2/repository/org/springframework/security/spring-security-config/3.2.5.RELEASE/spring-security-config-3.2.5.RELEASE.jar:/home/erwol/.m2/repository/org/springframework/security/spring-security-web/3.2.5.RELEASE/spring-security-web-3.2.5.RELEASE.jar:/home/erwol/.m2/repository/org/springframework/security/spring-security-taglibs/3.2.5.RELEASE/spring-security-taglibs-3.2.5.RELEASE.jar:/home/erwol/.m2/repository/org/springframework/spring-beans/3.2.8.RELEASE/spring-beans-3.2.8.RELEASE.jar:/home/erwol/.m2/repository/aopalliance/aopalliance/1.0/aopalliance-1.0.jar:/home/erwol/.m2/repository/org/springframework/spring-expression/3.2.8.RELEASE/spring-expression-3.2.8.RELEASE.jar:/home/erwol/.m2/repository/javax/activation/activation/1.1/activation-1.1.jar:/home/erwol/.m2/repository/commons-io/commons-io/2.4/commons-io-2.4.jar:/home/erwol/.m2/repository/org/jboss/logging/jboss-logging/3.1.3.GA/jboss-logging-3.1.3.GA.jar:/home/erwol/.m2/repository/org/jboss/logging/jboss-logging-annotations/1.2.0.Beta1/jboss-logging-annotations-1.2.0.Beta1.jar:/home/erwol/.m2/repository/org/jboss/spec/javax/transaction/jboss-transaction-api_1.2_spec/1.0.0.Final/jboss-transaction-api_1.2_spec-1.0.0.Final.jar:/home/erwol/.m2/repository/dom4j/dom4j/1.6.1/dom4j-1.6.1.jar:/home/erwol/.m2/repository/xml-apis/xml-apis/1.0.b2/xml-apis-1.0.b2.jar:/home/erwol/.m2/repository/org/hibernate/common/hibernate-commons-annotations/4.0.5.Final/hibernate-commons-annotations-4.0.5.Final.jar:/home/erwol/.m2/repository/org/javassist/javassist/3.18.1-GA/javassist-3.18.1-GA.jar:/home/erwol/.m2/repository/antlr/antlr/2.7.7/antlr-2.7.7.jar:/home/erwol/.m2/repository/org/jboss/jandex/1.1.0.Final/jandex-1.1.0.Final.jar:/home/erwol/.m2/repository/org/springframework/spring-tx/3.2.8.RELEASE/spring-tx-3.2.8.RELEASE.jar:/home/erwol/.m2/repository/org/springframework/spring-web/3.2.8.RELEASE/spring-web-3.2.8.RELEASE.jar:/home/erwol/.m2/repository/commons-beanutils/commons-beanutils/1.8.3/commons-beanutils-1.8.3.jar:/home/erwol/.m2/repository/org/apache/tiles/tiles-servlet/2.2.2/tiles-servlet-2.2.2.jar:/home/erwol/.m2/repository/org/apache/tiles/tiles-core/2.2.2/tiles-core-2.2.2.jar:/home/erwol/.m2/repository/org/apache/tiles/tiles-api/2.2.2/tiles-api-2.2.2.jar:/home/erwol/.m2/repository/org/apache/tiles/tiles-template/2.2.2/tiles-template-2.2.2.jar:/home/erwol/.m2/repository/org/springframework/security/spring-security-acl/3.2.5.RELEASE/spring-security-acl-3.2.5.RELEASE.jar:/home/erwol/Desktop/adjob_2016-06-09_14:47:56/target/classes
-aspectpath
/home/erwol/.m2/repository/org/springframework/spring-aspects/3.2.8.RELEASE/spring-aspects-3.2.8.RELEASE.jar
-d
/home/erwol/Desktop/adjob_2016-06-09_14:47:56/target/classes
/home/erwol/Desktop/adjob_2016-06-09_14:47:56/src/main/java/es/uca/iw/web/PuestoTrabajoController_Roo_Controller.aj
/home/erwol/Desktop/adjob_2016-06-09_14:47:56/src/main/java/es/uca/iw/web/OfertaController_Roo_Controller.aj
/home/erwol/Desktop/adjob_2016-06-09_14:47:56/src/main/java/es/uca/iw/web/UsuarioController_Roo_Controller.aj
/home/erwol/Desktop/adjob_2016-06-09_14:47:56/src/main/java/es/uca/iw/web/IdiomasController.java
/home/erwol/Desktop/adjob_2016-06-09_14:47:56/src/main/java/es/uca/iw/web/ExperienciaController_Roo_Controller.aj
/home/erwol/Desktop/adjob_2016-06-09_14:47:56/src/main/java/es/uca/iw/web/PuestoTrabajoController.java
/home/erwol/Desktop/adjob_2016-06-09_14:47:56/src/main/java/es/uca/iw/web/IdiomasController_Roo_Controller.aj
/home/erwol/Desktop/adjob_2016-06-09_14:47:56/src/main/java/es/uca/iw/web/EmpresaController_Roo_Controller.aj
/home/erwol/Desktop/adjob_2016-06-09_14:47:56/src/main/java/es/uca/iw/web/CvController.java
/home/erwol/Desktop/adjob_2016-06-09_14:47:56/src/main/java/es/uca/iw/web/CursosController.java
/home/erwol/Desktop/adjob_2016-06-09_14:47:56/src/main/java/es/uca/iw/web/ApplicationConversionServiceFactoryBean.java
/home/erwol/Desktop/adjob_2016-06-09_14:47:56/src/main/java/es/uca/iw/web/OfertaController.java
/home/erwol/Desktop/adjob_2016-06-09_14:47:56/src/main/java/es/uca/iw/web/TitulosController_Roo_Controller.aj
/home/erwol/Desktop/adjob_2016-06-09_14:47:56/src/main/java/es/uca/iw/web/CvController_Roo_Controller.aj
/home/erwol/Desktop/adjob_2016-06-09_14:47:56/src/main/java/es/uca/iw/web/ApplicationConversionServiceFactoryBean_Roo_ConversionService.aj
/home/erwol/Desktop/adjob_2016-06-09_14:47:56/src/main/java/es/uca/iw/web/TitulosController.java
/home/erwol/Desktop/adjob_2016-06-09_14:47:56/src/main/java/es/uca/iw/web/PeticionOfertaController.java
/home/erwol/Desktop/adjob_2016-06-09_14:47:56/src/main/java/es/uca/iw/web/ExperienciaController.java
/home/erwol/Desktop/adjob_2016-06-09_14:47:56/src/main/java/es/uca/iw/web/CursosController_Roo_Controller.aj
/home/erwol/Desktop/adjob_2016-06-09_14:47:56/src/main/java/es/uca/iw/web/EmpresaController.java
/home/erwol/Desktop/adjob_2016-06-09_14:47:56/src/main/java/es/uca/iw/web/PeticionOfertaController_Roo_Controller.aj
/home/erwol/Desktop/adjob_2016-06-09_14:47:56/src/main/java/es/uca/iw/web/UsuarioController.java
/home/erwol/Desktop/adjob_2016-06-09_14:47:56/src/main/java/es/uca/iw/security/AdjobAuthenticationProvider.java
/home/erwol/Desktop/adjob_2016-06-09_14:47:56/src/main/java/es/uca/iw/reference/Sexo.java
/home/erwol/Desktop/adjob_2016-06-09_14:47:56/src/main/java/es/uca/iw/reference/EstadoOferta.java
/home/erwol/Desktop/adjob_2016-06-09_14:47:56/src/main/java/es/uca/iw/reference/TipoUsuario.java
/home/erwol/Desktop/adjob_2016-06-09_14:47:56/src/main/java/es/uca/iw/reference/TipoContrato.java
/home/erwol/Desktop/adjob_2016-06-09_14:47:56/src/main/java/es/uca/iw/reference/EstadoPeticionOferta.java
/home/erwol/Desktop/adjob_2016-06-09_14:47:56/src/main/java/es/uca/iw/domain/PuestoTrabajo_Roo_Configurable.aj
/home/erwol/Desktop/adjob_2016-06-09_14:47:56/src/main/java/es/uca/iw/domain/Cv_Roo_Finder.aj
/home/erwol/Desktop/adjob_2016-06-09_14:47:56/src/main/java/es/uca/iw/domain/PeticionOferta_Roo_ToString.aj
/home/erwol/Desktop/adjob_2016-06-09_14:47:56/src/main/java/es/uca/iw/domain/PuestoTrabajo_Roo_Jpa_Entity.aj
/home/erwol/Desktop/adjob_2016-06-09_14:47:56/src/main/java/es/uca/iw/domain/Oferta.java
/home/erwol/Desktop/adjob_2016-06-09_14:47:56/src/main/java/es/uca/iw/domain/PuestoTrabajo.java
/home/erwol/Desktop/adjob_2016-06-09_14:47:56/src/main/java/es/uca/iw/domain/Cursos_Roo_Finder.aj
/home/erwol/Desktop/adjob_2016-06-09_14:47:56/src/main/java/es/uca/iw/domain/Titulos.java
/home/erwol/Desktop/adjob_2016-06-09_14:47:56/src/main/java/es/uca/iw/domain/Usuario_Roo_Jpa_ActiveRecord.aj
/home/erwol/Desktop/adjob_2016-06-09_14:47:56/src/main/java/es/uca/iw/domain/Oferta_Roo_Configurable.aj
/home/erwol/Desktop/adjob_2016-06-09_14:47:56/src/main/java/es/uca/iw/domain/Empresa_Roo_ToString.aj
/home/erwol/Desktop/adjob_2016-06-09_14:47:56/src/main/java/es/uca/iw/domain/Experiencia_Roo_Finder.aj
/home/erwol/Desktop/adjob_2016-06-09_14:47:56/src/main/java/es/uca/iw/domain/Cursos.java
/home/erwol/Desktop/adjob_2016-06-09_14:47:56/src/main/java/es/uca/iw/domain/Empresa_Roo_Configurable.aj
/home/erwol/Desktop/adjob_2016-06-09_14:47:56/src/main/java/es/uca/iw/domain/Idiomas_Roo_Jpa_Entity.aj
/home/erwol/Desktop/adjob_2016-06-09_14:47:56/src/main/java/es/uca/iw/domain/Idiomas.java
/home/erwol/Desktop/adjob_2016-06-09_14:47:56/src/main/java/es/uca/iw/domain/Usuario_Roo_Finder.aj
/home/erwol/Desktop/adjob_2016-06-09_14:47:56/src/main/java/es/uca/iw/domain/Experiencia_Roo_Configurable.aj
/home/erwol/Desktop/adjob_2016-06-09_14:47:56/src/main/java/es/uca/iw/domain/Cv_Roo_Configurable.aj
/home/erwol/Desktop/adjob_2016-06-09_14:47:56/src/main/java/es/uca/iw/domain/Titulos_Roo_Jpa_Entity.aj
/home/erwol/Desktop/adjob_2016-06-09_14:47:56/src/main/java/es/uca/iw/domain/Empresa_Roo_Jpa_Entity.aj
/home/erwol/Desktop/adjob_2016-06-09_14:47:56/src/main/java/es/uca/iw/domain/Idiomas_Roo_Finder.aj
/home/erwol/Desktop/adjob_2016-06-09_14:47:56/src/main/java/es/uca/iw/domain/PuestoTrabajo_Roo_JavaBean.aj
/home/erwol/Desktop/adjob_2016-06-09_14:47:56/src/main/java/es/uca/iw/domain/MailMail.java
/home/erwol/Desktop/adjob_2016-06-09_14:47:56/src/main/java/es/uca/iw/domain/Cv_Roo_Jpa_ActiveRecord.aj
/home/erwol/Desktop/adjob_2016-06-09_14:47:56/src/main/java/es/uca/iw/domain/Oferta_Roo_Jpa_Entity.aj
/home/erwol/Desktop/adjob_2016-06-09_14:47:56/src/main/java/es/uca/iw/domain/Experiencia_Roo_Jpa_Entity.aj
/home/erwol/Desktop/adjob_2016-06-09_14:47:56/src/main/java/es/uca/iw/domain/Titulos_Roo_Configurable.aj
/home/erwol/Desktop/adjob_2016-06-09_14:47:56/src/main/java/es/uca/iw/domain/Empresa.java
/home/erwol/Desktop/adjob_2016-06-09_14:47:56/src/main/java/es/uca/iw/domain/Idiomas_Roo_JavaBean.aj
/home/erwol/Desktop/adjob_2016-06-09_14:47:56/src/main/java/es/uca/iw/domain/PeticionOferta_Roo_Configurable.aj
/home/erwol/Desktop/adjob_2016-06-09_14:47:56/src/main/java/es/uca/iw/domain/Oferta_Roo_Finder.aj
/home/erwol/Desktop/adjob_2016-06-09_14:47:56/src/main/java/es/uca/iw/domain/PeticionOferta_Roo_Jpa_ActiveRecord.aj
/home/erwol/Desktop/adjob_2016-06-09_14:47:56/src/main/java/es/uca/iw/domain/Usuario_Roo_Configurable.aj
/home/erwol/Desktop/adjob_2016-06-09_14:47:56/src/main/java/es/uca/iw/domain/Usuario_Roo_JavaBean.aj
/home/erwol/Desktop/adjob_2016-06-09_14:47:56/src/main/java/es/uca/iw/domain/Cursos_Roo_Configurable.aj
/home/erwol/Desktop/adjob_2016-06-09_14:47:56/src/main/java/es/uca/iw/domain/Cursos_Roo_JavaBean.aj
/home/erwol/Desktop/adjob_2016-06-09_14:47:56/src/main/java/es/uca/iw/domain/Idiomas_Roo_Configurable.aj
/home/erwol/Desktop/adjob_2016-06-09_14:47:56/src/main/java/es/uca/iw/domain/Usuario_Roo_Jpa_Entity.aj
/home/erwol/Desktop/adjob_2016-06-09_14:47:56/src/main/java/es/uca/iw/domain/PuestoTrabajo_Roo_ToString.aj
/home/erwol/Desktop/adjob_2016-06-09_14:47:56/src/main/java/es/uca/iw/domain/Titulos_Roo_ToString.aj
/home/erwol/Desktop/adjob_2016-06-09_14:47:56/src/main/java/es/uca/iw/domain/PeticionOferta_Roo_Jpa_Entity.aj
/home/erwol/Desktop/adjob_2016-06-09_14:47:56/src/main/java/es/uca/iw/domain/Empresa_Roo_JavaBean.aj
/home/erwol/Desktop/adjob_2016-06-09_14:47:56/src/main/java/es/uca/iw/domain/PeticionOferta.java
/home/erwol/Desktop/adjob_2016-06-09_14:47:56/src/main/java/es/uca/iw/domain/Oferta_Roo_JavaBean.aj
/home/erwol/Desktop/adjob_2016-06-09_14:47:56/src/main/java/es/uca/iw/domain/Titulos_Roo_JavaBean.aj
/home/erwol/Desktop/adjob_2016-06-09_14:47:56/src/main/java/es/uca/iw/domain/Usuario.java
/home/erwol/Desktop/adjob_2016-06-09_14:47:56/src/main/java/es/uca/iw/domain/Usuario_Roo_ToString.aj
/home/erwol/Desktop/adjob_2016-06-09_14:47:56/src/main/java/es/uca/iw/domain/Experiencia_Roo_ToString.aj
/home/erwol/Desktop/adjob_2016-06-09_14:47:56/src/main/java/es/uca/iw/domain/Titulos_Roo_Jpa_ActiveRecord.aj
/home/erwol/Desktop/adjob_2016-06-09_14:47:56/src/main/java/es/uca/iw/domain/Cv.java
/home/erwol/Desktop/adjob_2016-06-09_14:47:56/src/main/java/es/uca/iw/domain/Oferta_Roo_Jpa_ActiveRecord.aj
/home/erwol/Desktop/adjob_2016-06-09_14:47:56/src/main/java/es/uca/iw/domain/Idiomas_Roo_Jpa_ActiveRecord.aj
/home/erwol/Desktop/adjob_2016-06-09_14:47:56/src/main/java/es/uca/iw/domain/Experiencia_Roo_JavaBean.aj
/home/erwol/Desktop/adjob_2016-06-09_14:47:56/src/main/java/es/uca/iw/domain/Cv_Roo_ToString.aj
/home/erwol/Desktop/adjob_2016-06-09_14:47:56/src/main/java/es/uca/iw/domain/Titulos_Roo_Finder.aj
/home/erwol/Desktop/adjob_2016-06-09_14:47:56/src/main/java/es/uca/iw/domain/Cursos_Roo_Jpa_ActiveRecord.aj
/home/erwol/Desktop/adjob_2016-06-09_14:47:56/src/main/java/es/uca/iw/domain/Empresa_Roo_Jpa_ActiveRecord.aj
/home/erwol/Desktop/adjob_2016-06-09_14:47:56/src/main/java/es/uca/iw/domain/Cursos_Roo_Jpa_Entity.aj
/home/erwol/Desktop/adjob_2016-06-09_14:47:56/src/main/java/es/uca/iw/domain/Cv_Roo_JavaBean.aj
/home/erwol/Desktop/adjob_2016-06-09_14:47:56/src/main/java/es/uca/iw/domain/Cursos_Roo_ToString.aj
/home/erwol/Desktop/adjob_2016-06-09_14:47:56/src/main/java/es/uca/iw/domain/Experiencia.java
/home/erwol/Desktop/adjob_2016-06-09_14:47:56/src/main/java/es/uca/iw/domain/PuestoTrabajo_Roo_Jpa_ActiveRecord.aj
/home/erwol/Desktop/adjob_2016-06-09_14:47:56/src/main/java/es/uca/iw/domain/Experiencia_Roo_Jpa_ActiveRecord.aj
/home/erwol/Desktop/adjob_2016-06-09_14:47:56/src/main/java/es/uca/iw/domain/PeticionOferta_Roo_JavaBean.aj
/home/erwol/Desktop/adjob_2016-06-09_14:47:56/src/main/java/es/uca/iw/domain/Cv_Roo_Jpa_Entity.aj
/home/erwol/Desktop/adjob_2016-06-09_14:47:56/src/main/java/es/uca/iw/domain/Oferta_Roo_ToString.aj
/home/erwol/Desktop/adjob_2016-06-09_14:47:56/src/main/java/es/uca/iw/domain/PeticionOferta_Roo_Finder.aj
/home/erwol/Desktop/adjob_2016-06-09_14:47:56/src/main/java/es/uca/iw/domain/Idiomas_Roo_ToString.aj
